<?xml version="1.0" encoding="UTF-8"?>
<testng-results ignored="0" total="2" passed="2" failed="0" skipped="0">
  <reporter-output>
  </reporter-output>
  <suite started-at="2023-11-17T11:44:05 IST" name="Default suite" finished-at="2023-11-17T11:44:15 IST" duration-ms="9742">
    <groups>
    </groups>
    <test started-at="2023-11-17T11:44:05 IST" name="Default test" finished-at="2023-11-17T11:44:15 IST" duration-ms="9742">
      <class name="com.hrmorange.basics.Example1">
        <test-method is-config="true" signature="setUp()[pri:0, instance:com.hrmorange.basics.Example1@4d9e68d0]" started-at="2023-11-17T11:44:05 IST" name="setUp" finished-at="2023-11-17T11:44:15 IST" duration-ms="9556" status="PASS">
          <reporter-output>
          </reporter-output>
        </test-method> <!-- setUp -->
        <test-method signature="verifyTitle()[pri:1, instance:com.hrmorange.basics.Example1@4d9e68d0]" started-at="2023-11-17T11:44:15 IST" name="verifyTitle" finished-at="2023-11-17T11:44:15 IST" duration-ms="22" status="PASS">
          <reporter-output>
          </reporter-output>
        </test-method> <!-- verifyTitle -->
        <test-method signature="verifyUrl()[pri:2, instance:com.hrmorange.basics.Example1@4d9e68d0]" started-at="2023-11-17T11:44:15 IST" name="verifyUrl" finished-at="2023-11-17T11:44:15 IST" duration-ms="10" status="PASS">
          <reporter-output>
          </reporter-output>
        </test-method> <!-- verifyUrl -->
        <test-method is-config="true" signature="tearDown()[pri:0, instance:com.hrmorange.basics.Example1@4d9e68d0]" started-at="2023-11-17T11:44:15 IST" name="tearDown" finished-at="2023-11-17T11:44:15 IST" duration-ms="120" status="PASS">
          <reporter-output>
          </reporter-output>
        </test-method> <!-- tearDown -->
      </class> <!-- com.hrmorange.basics.Example1 -->
    </test> <!-- Default test -->
  </suite> <!-- Default suite -->
</testng-results>
