<?xml version="1.0" encoding="UTF-8"?>
<testng-results ignored="0" total="7" passed="7" failed="0" skipped="0">
  <reporter-output>
  </reporter-output>
  <suite started-at="2023-11-19T15:07:44 IST" name="Default suite" finished-at="2023-11-19T15:07:52 IST" duration-ms="8336">
    <groups>
    </groups>
    <test started-at="2023-11-19T15:07:44 IST" name="Default test" finished-at="2023-11-19T15:07:52 IST" duration-ms="8336">
      <class name="com.hrmorange.basics.Example1">
        <test-method is-config="true" signature="setUp()[pri:0, instance:com.hrmorange.basics.Example1@5656be13]" started-at="2023-11-19T15:07:44 IST" name="setUp" finished-at="2023-11-19T15:07:49 IST" duration-ms="4797" status="PASS">
          <reporter-output>
          </reporter-output>
        </test-method> <!-- setUp -->
        <test-method signature="verifyTitle()[pri:1, instance:com.hrmorange.basics.Example1@5656be13]" started-at="2023-11-19T15:07:49 IST" name="verifyTitle" finished-at="2023-11-19T15:07:49 IST" duration-ms="14" status="PASS">
          <reporter-output>
          </reporter-output>
        </test-method> <!-- verifyTitle -->
        <test-method signature="verifyUrl()[pri:2, instance:com.hrmorange.basics.Example1@5656be13]" started-at="2023-11-19T15:07:49 IST" name="verifyUrl" finished-at="2023-11-19T15:07:49 IST" duration-ms="7" status="PASS">
          <reporter-output>
          </reporter-output>
        </test-method> <!-- verifyUrl -->
        <test-method signature="verifyLoginTitle()[pri:3, instance:com.hrmorange.basics.Example1@5656be13]" started-at="2023-11-19T15:07:49 IST" name="verifyLoginTitle" finished-at="2023-11-19T15:07:49 IST" duration-ms="200" status="PASS">
          <reporter-output>
          </reporter-output>
        </test-method> <!-- verifyLoginTitle -->
        <test-method signature="verifyforgotpasswordtitle()[pri:4, instance:com.hrmorange.basics.Example1@5656be13]" started-at="2023-11-19T15:07:49 IST" name="verifyforgotpasswordtitle" finished-at="2023-11-19T15:07:49 IST" duration-ms="23" status="PASS">
          <reporter-output>
          </reporter-output>
        </test-method> <!-- verifyforgotpasswordtitle -->
        <test-method signature="verifyusername()[pri:5, instance:com.hrmorange.basics.Example1@5656be13]" started-at="2023-11-19T15:07:49 IST" name="verifyusername" finished-at="2023-11-19T15:07:52 IST" duration-ms="3055" status="PASS">
          <reporter-output>
          </reporter-output>
        </test-method> <!-- verifyusername -->
        <test-method signature="verifypassword()[pri:6, instance:com.hrmorange.basics.Example1@5656be13]" started-at="2023-11-19T15:07:52 IST" name="verifypassword" finished-at="2023-11-19T15:07:52 IST" duration-ms="66" status="PASS">
          <reporter-output>
          </reporter-output>
        </test-method> <!-- verifypassword -->
        <test-method signature="verifyloginbutton()[pri:7, instance:com.hrmorange.basics.Example1@5656be13]" started-at="2023-11-19T15:07:52 IST" name="verifyloginbutton" finished-at="2023-11-19T15:07:52 IST" duration-ms="44" status="PASS">
          <reporter-output>
          </reporter-output>
        </test-method> <!-- verifyloginbutton -->
        <test-method is-config="true" signature="tearDown()[pri:0, instance:com.hrmorange.basics.Example1@5656be13]" started-at="2023-11-19T15:07:52 IST" name="tearDown" finished-at="2023-11-19T15:07:52 IST" duration-ms="78" status="PASS">
          <reporter-output>
          </reporter-output>
        </test-method> <!-- tearDown -->
      </class> <!-- com.hrmorange.basics.Example1 -->
    </test> <!-- Default test -->
  </suite> <!-- Default suite -->
</testng-results>
